<?xml version="1.0" encoding="UTF-8"?>
<testng-results total="3" passed="3" failed="0" skipped="0">
  <reporter-output>
  </reporter-output>
  <suite started-at="2025-02-17T16:53:53Z" name="Test Suite for Buildout" finished-at="2025-02-17T16:55:19Z" duration-ms="86837">
    <groups>
    </groups>
    <test started-at="2025-02-17T16:53:53Z" name="Test Cases for Buildout" finished-at="2025-02-17T16:55:19Z" duration-ms="86837">
      <class name="demo.TestCases">
        <test-method is-config="true" signature="startBrowser()[pri:0, instance:demo.TestCases@37ddb69a]" started-at="2025-02-17T22:23:53Z" name="startBrowser" finished-at="2025-02-17T22:23:56Z" duration-ms="3763" status="PASS">
          <reporter-output>
          </reporter-output>
        </test-method> <!-- startBrowser -->
        <test-method signature="testCase01(java.lang.String)[pri:0, instance:demo.TestCases@37ddb69a]" started-at="2025-02-17T22:23:56Z" name="testCase01" finished-at="2025-02-17T22:24:41Z" duration-ms="44676" status="PASS">
          <params>
            <param index="0">
              <value>
                <![CDATA[Washing Machine]]>
              </value>
            </param>
          </params>
          <reporter-output>
          </reporter-output>
        </test-method> <!-- testCase01 -->
        <test-method signature="testCase02(java.lang.String)[pri:0, instance:demo.TestCases@37ddb69a]" started-at="2025-02-17T22:24:41Z" name="testCase02" finished-at="2025-02-17T22:24:55Z" duration-ms="14080" status="PASS">
          <params>
            <param index="0">
              <value>
                <![CDATA[iPhone]]>
              </value>
            </param>
          </params>
          <reporter-output>
          </reporter-output>
        </test-method> <!-- testCase02 -->
        <test-method signature="testCase03(java.lang.String)[pri:0, instance:demo.TestCases@37ddb69a]" started-at="2025-02-17T22:24:55Z" name="testCase03" finished-at="2025-02-17T22:25:18Z" duration-ms="22978" status="PASS">
          <params>
            <param index="0">
              <value>
                <![CDATA[Coffee Mug]]>
              </value>
            </param>
          </params>
          <reporter-output>
          </reporter-output>
        </test-method> <!-- testCase03 -->
        <test-method is-config="true" signature="endTest()[pri:0, instance:demo.TestCases@37ddb69a]" started-at="2025-02-17T22:25:18Z" name="endTest" finished-at="2025-02-17T22:25:19Z" duration-ms="1308" status="PASS">
          <reporter-output>
          </reporter-output>
        </test-method> <!-- endTest -->
      </class> <!-- demo.TestCases -->
    </test> <!-- Test Cases for Buildout -->
  </suite> <!-- Test Suite for Buildout -->
</testng-results>
